<?xml version="1.0" encoding="UTF-8"?>
<!-- Generated by org.testng.reporters.JUnitReportReporter -->
<testsuite hostname="SPMUMLAP-0060" failures="0" tests="59" name="com.test.AllScenarios_EG_TC" time="684.906" errors="0" timestamp="2025-03-12T10:51:59 IST" skipped="0">
  <testcase classname="com.test.AllScenarios_EG_TC" name="RUNALL" time="0.001"/>
  <system-out/>
  <testcase classname="com.test.AllScenarios_EG_TC" name="RUNALL" time="0.000"/>
  <system-out/>
  <testcase classname="com.test.AllScenarios_EG_TC" name="RUNALL" time="0.001"/>
  <system-out/>
  <testcase classname="com.test.AllScenarios_EG_TC" name="RUNALL" time="0.002"/>
  <system-out/>
  <testcase classname="com.test.AllScenarios_EG_TC" name="RUNALL" time="0.002"/>
  <system-out/>
  <testcase classname="com.test.AllScenarios_EG_TC" name="RUNALL" time="0.002"/>
  <system-out/>
  <testcase classname="com.test.AllScenarios_EG_TC" name="RUNALL" time="0.000"/>
  <system-out/>
  <testcase classname="com.test.AllScenarios_EG_TC" name="RUNALL" time="0.000"/>
  <system-out/>
  <testcase classname="com.test.AllScenarios_EG_TC" name="RUNALL" time="0.001"/>
  <system-out/>
  <testcase classname="com.test.AllScenarios_EG_TC" name="RUNALL" time="684.795"/>
  <system-out/>
  <testcase classname="com.test.AllScenarios_EG_TC" name="RUNALL" time="0.001"/>
  <system-out/>
  <testcase classname="com.test.AllScenarios_EG_TC" name="RUNALL" time="0.000"/>
  <system-out/>
  <testcase classname="com.test.AllScenarios_EG_TC" name="RUNALL" time="0.000"/>
  <system-out/>
  <testcase classname="com.test.AllScenarios_EG_TC" name="RUNALL" time="0.001"/>
  <system-out/>
  <testcase classname="com.test.AllScenarios_EG_TC" name="RUNALL" time="0.001"/>
  <system-out/>
  <testcase classname="com.test.AllScenarios_EG_TC" name="RUNALL" time="0.000"/>
  <system-out/>
  <testcase classname="com.test.AllScenarios_EG_TC" name="RUNALL" time="0.001"/>
  <system-out/>
  <testcase classname="com.test.AllScenarios_EG_TC" name="RUNALL" time="0.000"/>
  <system-out/>
  <testcase classname="com.test.AllScenarios_EG_TC" name="RUNALL" time="0.001"/>
  <system-out/>
  <testcase classname="com.test.AllScenarios_EG_TC" name="RUNALL" time="0.000"/>
  <system-out/>
  <testcase classname="com.test.AllScenarios_EG_TC" name="RUNALL" time="0.001"/>
  <system-out/>
  <testcase classname="com.test.AllScenarios_EG_TC" name="RUNALL" time="0.001"/>
  <system-out/>
  <testcase classname="com.test.AllScenarios_EG_TC" name="RUNALL" time="0.001"/>
  <system-out/>
  <testcase classname="com.test.AllScenarios_EG_TC" name="RUNALL" time="0.000"/>
  <system-out/>
  <testcase classname="com.test.AllScenarios_EG_TC" name="RUNALL" time="0.001"/>
  <system-out/>
  <testcase classname="com.test.AllScenarios_EG_TC" name="RUNALL" time="0.074"/>
  <system-out/>
  <testcase classname="com.test.AllScenarios_EG_TC" name="RUNALL" time="0.000"/>
  <system-out/>
  <testcase classname="com.test.AllScenarios_EG_TC" name="RUNALL" time="0.001"/>
  <system-out/>
  <testcase classname="com.test.AllScenarios_EG_TC" name="RUNALL" time="0.002"/>
  <system-out/>
  <testcase classname="com.test.AllScenarios_EG_TC" name="RUNALL" time="0.000"/>
  <system-out/>
  <testcase classname="com.test.AllScenarios_EG_TC" name="RUNALL" time="0.001"/>
  <system-out/>
  <testcase classname="com.test.AllScenarios_EG_TC" name="RUNALL" time="0.000"/>
  <system-out/>
  <testcase classname="com.test.AllScenarios_EG_TC" name="RUNALL" time="0.000"/>
  <system-out/>
  <testcase classname="com.test.AllScenarios_EG_TC" name="RUNALL" time="0.000"/>
  <system-out/>
  <testcase classname="com.test.AllScenarios_EG_TC" name="RUNALL" time="0.001"/>
  <system-out/>
  <testcase classname="com.test.AllScenarios_EG_TC" name="RUNALL" time="0.000"/>
  <system-out/>
  <testcase classname="com.test.AllScenarios_EG_TC" name="RUNALL" time="0.000"/>
  <system-out/>
  <testcase classname="com.test.AllScenarios_EG_TC" name="RUNALL" time="0.001"/>
  <system-out/>
  <testcase classname="com.test.AllScenarios_EG_TC" name="RUNALL" time="0.000"/>
  <system-out/>
  <testcase classname="com.test.AllScenarios_EG_TC" name="RUNALL" time="0.000"/>
  <system-out/>
  <testcase classname="com.test.AllScenarios_EG_TC" name="RUNALL" time="0.000"/>
  <system-out/>
  <testcase classname="com.test.AllScenarios_EG_TC" name="RUNALL" time="0.002"/>
  <system-out/>
  <testcase classname="com.test.AllScenarios_EG_TC" name="RUNALL" time="0.001"/>
  <system-out/>
  <testcase classname="com.test.AllScenarios_EG_TC" name="RUNALL" time="0.001"/>
  <system-out/>
  <testcase classname="com.test.AllScenarios_EG_TC" name="RUNALL" time="0.002"/>
  <system-out/>
  <testcase classname="com.test.AllScenarios_EG_TC" name="RUNALL" time="0.001"/>
  <system-out/>
  <testcase classname="com.test.AllScenarios_EG_TC" name="RUNALL" time="0.000"/>
  <system-out/>
  <testcase classname="com.test.AllScenarios_EG_TC" name="RUNALL" time="0.001"/>
  <system-out/>
  <testcase classname="com.test.AllScenarios_EG_TC" name="RUNALL" time="0.000"/>
  <system-out/>
  <testcase classname="com.test.AllScenarios_EG_TC" name="RUNALL" time="0.000"/>
  <system-out/>
  <testcase classname="com.test.AllScenarios_EG_TC" name="RUNALL" time="0.001"/>
  <system-out/>
  <testcase classname="com.test.AllScenarios_EG_TC" name="RUNALL" time="0.000"/>
  <system-out/>
  <testcase classname="com.test.AllScenarios_EG_TC" name="RUNALL" time="0.001"/>
  <system-out/>
  <testcase classname="com.test.AllScenarios_EG_TC" name="RUNALL" time="0.001"/>
  <system-out/>
  <testcase classname="com.test.AllScenarios_EG_TC" name="RUNALL" time="0.000"/>
  <system-out/>
  <testcase classname="com.test.AllScenarios_EG_TC" name="RUNALL" time="0.000"/>
  <system-out/>
  <testcase classname="com.test.AllScenarios_EG_TC" name="RUNALL" time="0.001"/>
  <system-out/>
  <testcase classname="com.test.AllScenarios_EG_TC" name="RUNALL" time="0.000"/>
  <system-out/>
  <testcase classname="com.test.AllScenarios_EG_TC" name="RUNALL" time="0.001"/>
  <system-out/>
</testsuite> <!-- com.test.AllScenarios_EG_TC -->
